<?xml version="1.0" encoding="UTF-8"?>
<testsuites name="Test_All_Run" time="76" tests="2" failures="2" errors="0">
   <testsuite name="Test_All_Run" tests="2" failures="2" errors="0" time="76" timestamp="2019-02-14 21:40:16" hostname="MACG37WHF1QSDB - 192.168.3.104" id="Test Suites/Test_All_Run">
      <properties>
         <property name="deviceName" value=""/>
         <property name="devicePlatform" value=""/>
         <property name="logFolder" value="/Users/MACG37WHF1QSDB/Documents/shoppe_test/gist_test_shopee/Reports/Test_All_Run/20190214_214013"/>
         <property name="logFiles" value="/Users/MACG37WHF1QSDB/Documents/shoppe_test/gist_test_shopee/Reports/Test_All_Run/20190214_214013/execution0.log"/>
         <property name="attachments" value="/Users/MACG37WHF1QSDB/Documents/shoppe_test/gist_test_shopee/Reports/Test_All_Run/20190214_214013/1550155283789.png, /Users/MACG37WHF1QSDB/Documents/shoppe_test/gist_test_shopee/Reports/Test_All_Run/20190214_214013/1550155290054.png"/>
         <property name="hostName" value="MACG37WHF1QSDB - 192.168.3.104"/>
         <property name="os" value="Mac OS X 64bit"/>
         <property name="katalonVersion" value="5.10.1.1"/>
         <property name="browser" value="Chrome 71.0.3578.98"/>
         <property name="hostAddress" value="192.168.3.104"/>
         <property name="sessionId" value="14c729aef17746da74826a1f5bc4beb4"/>
         <property name="seleniumVersion" value="3.7.1"/>
         <property name="proxyInformation" value="ProxyInformation{proxyOption=NO_PROXY, proxyServerType=HTTP, password=, proxyServerAddress=, proxyServerPort=0}"/>
         <property name="platform" value="Mac OS X"/>
      </properties>
      <testcase name="Test Cases/create_a_public_gist" classname="Test Cases/create_a_public_gist" status="PASSED">
         <system-out><![CDATA[2019-02-14 21:40:16 - [TEST_CASE][PASSED] - Test Cases/create_a_public_gist: Test Cases/create_a_public_gist

2019-02-14 21:40:17 - [TEST_STEP][PASSED] - Start listener action : sampleBeforeTestCase: null

2019-02-14 21:40:17 - [TEST_STEP][PASSED] - println(testCaseContext.getTestCaseId()): null

2019-02-14 21:40:17 - [TEST_STEP][PASSED] - println(testCaseContext.getTestCaseVariables()): null

2019-02-14 21:40:17 - [TEST_STEP][PASSED] - openBrowser(url): Browser is opened with url: 'https://gist.github.com/'

2019-02-14 21:40:18 - [MESSAGE][INFO] - Starting 'Chrome' driver

2019-02-14 21:40:18 - [MESSAGE][INFO] - Action delay is set to 0 seconds

2019-02-14 21:40:25 - [MESSAGE][PASSED] - Browser is opened with url: 'https://gist.github.com/'

2019-02-14 21:40:25 - [TEST_STEP][PASSED] - click(findTestObject("dashboard/new_gist_button")): Object: 'Object Repository/dashboard/new_gist_button' is clicked on

2019-02-14 21:40:38 - [MESSAGE][PASSED] - Object: 'Object Repository/dashboard/new_gist_button' is clicked on

2019-02-14 21:40:38 - [TEST_STEP][PASSED] - setText(findTestObject("create_gist_file/create_gist"), "Test Create New Gist"): Text 'Test Create New Gist' is set on object 'Object Repository/create_gist_file/create_gist'

2019-02-14 21:40:38 - [MESSAGE][PASSED] - Text 'Test Create New Gist' is set on object 'Object Repository/create_gist_file/create_gist'

2019-02-14 21:40:38 - [TEST_STEP][PASSED] - setText(findTestObject("create_gist_file/gist_description_field"), "Hallo Semua saya Eko Adi Prabowo"): Text 'Hallo Semua saya Eko Adi Prabowo' is set on object 'Object Repository/create_gist_file/gist_description_field'

2019-02-14 21:40:38 - [MESSAGE][PASSED] - Text 'Hallo Semua saya Eko Adi Prabowo' is set on object 'Object Repository/create_gist_file/gist_description_field'

2019-02-14 21:40:38 - [TEST_STEP][PASSED] - delay(5): Delayed 5 second(s)

2019-02-14 21:40:43 - [MESSAGE][PASSED] - Delayed 5 second(s)

2019-02-14 21:40:43 - [TEST_STEP][PASSED] - click(findTestObject("create_gist_file/public_gist_button")): Object: 'Object Repository/create_gist_file/public_gist_button' is clicked on

2019-02-14 21:40:46 - [MESSAGE][PASSED] - Object: 'Object Repository/create_gist_file/public_gist_button' is clicked on

2019-02-14 21:40:46 - [TEST_STEP][PASSED] - delay(5): Delayed 5 second(s)

2019-02-14 21:40:51 - [MESSAGE][PASSED] - Delayed 5 second(s)

2019-02-14 21:40:51 - [TEST_STEP][PASSED] - verifyTextPresent("Test Create New Gist", false): Text 'Test Create New Gist' is present on page 

2019-02-14 21:40:51 - [MESSAGE][PASSED] - Text 'Test Create New Gist' is present on page 

2019-02-14 21:40:51 - [TEST_STEP][PASSED] - verifyTextPresent("Hallo Semua saya Eko Adi Prabowo", false): Text 'Hallo Semua saya Eko Adi Prabowo' is present on page 

2019-02-14 21:40:51 - [MESSAGE][PASSED] - Text 'Hallo Semua saya Eko Adi Prabowo' is present on page 

2019-02-14 21:40:51 - [TEST_STEP][PASSED] - Start listener action : sampleAfterTestCase: null

2019-02-14 21:40:51 - [TEST_STEP][PASSED] - println(testCaseContext.getTestCaseId()): null

2019-02-14 21:40:51 - [TEST_STEP][PASSED] - println(testCaseContext.getTestCaseStatus()): null]]></system-out>
         <system-err><![CDATA[]]></system-err>
      </testcase>
      <testcase name="Test Cases/edit_existing_gist" classname="Test Cases/edit_existing_gist" status="FAILED">
         <failure type="FAILED" message="Test Cases/edit_existing_gist FAILED.
Reason:
com.kms.katalon.core.exception.StepFailedException: Unable to click on object 'Object Repository/edit_gist_file/update_button' (Root cause: com.kms.katalon.core.webui.exception.WebElementNotFoundException: Web element with id: 'Object Repository/edit_gist_file/update_button' located by 'By.xpath: //*[@id=&quot;edit_gist_94648342&quot;]/div/div[2]/button' not found)
	at com.kms.katalon.core.keyword.internal.KeywordMain.stepFailed(KeywordMain.groovy:36)
	at com.kms.katalon.core.webui.keyword.internal.WebUIKeywordMain.stepFailed(WebUIKeywordMain.groovy:65)
	at com.kms.katalon.core.webui.keyword.internal.WebUIKeywordMain.runKeyword(WebUIKeywordMain.groovy:27)
	at com.kms.katalon.core.webui.keyword.builtin.ClickKeyword.click(ClickKeyword.groovy:86)
	at com.kms.katalon.core.webui.keyword.builtin.ClickKeyword.execute(ClickKeyword.groovy:67)
	at com.kms.katalon.core.keyword.internal.KeywordExecutor.executeKeywordForPlatform(KeywordExecutor.groovy:53)
	at com.kms.katalon.core.webui.keyword.WebUiBuiltInKeywords.click(WebUiBuiltInKeywords.groovy:616)
	at com.kms.katalon.core.webui.keyword.WebUiBuiltInKeywords$click$0.call(Unknown Source)
	at edit_existing_gist.run(edit_existing_gist:22)
	at com.kms.katalon.core.main.ScriptEngine.run(ScriptEngine.java:194)
	at com.kms.katalon.core.main.ScriptEngine.runScriptAsRawText(ScriptEngine.java:119)
	at com.kms.katalon.core.main.TestCaseExecutor.runScript(TestCaseExecutor.java:328)
	at com.kms.katalon.core.main.TestCaseExecutor.doExecute(TestCaseExecutor.java:319)
	at com.kms.katalon.core.main.TestCaseExecutor.processExecutionPhase(TestCaseExecutor.java:298)
	at com.kms.katalon.core.main.TestCaseExecutor.accessMainPhase(TestCaseExecutor.java:290)
	at com.kms.katalon.core.main.TestCaseExecutor.execute(TestCaseExecutor.java:224)
	at com.kms.katalon.core.main.TestSuiteExecutor.accessTestCaseMainPhase(TestSuiteExecutor.java:129)
	at com.kms.katalon.core.main.TestSuiteExecutor.accessTestSuiteMainPhase(TestSuiteExecutor.java:112)
	at com.kms.katalon.core.main.TestSuiteExecutor.execute(TestSuiteExecutor.java:81)
	at com.kms.katalon.core.main.TestCaseMain.startTestSuite(TestCaseMain.java:149)
	at com.kms.katalon.core.main.TestCaseMain$startTestSuite$0.call(Unknown Source)
	at TempTestSuite1550155213087.run(TempTestSuite1550155213087.groovy:36)
"/>
         <system-out><![CDATA[2019-02-14 21:40:51 - [TEST_CASE][FAILED] - Test Cases/edit_existing_gist: Test Cases/edit_existing_gist FAILED.
Reason:
com.kms.katalon.core.exception.StepFailedException: Unable to click on object 'Object Repository/edit_gist_file/update_button' (Root cause: com.kms.katalon.core.webui.exception.WebElementNotFoundException: Web element with id: 'Object Repository/edit_gist_file/update_button' located by 'By.xpath: //*[@id="edit_gist_94648342"]/div/div[2]/button' not found)
	at com.kms.katalon.core.keyword.internal.KeywordMain.stepFailed(KeywordMain.groovy:36)
	at com.kms.katalon.core.webui.keyword.internal.WebUIKeywordMain.stepFailed(WebUIKeywordMain.groovy:65)
	at com.kms.katalon.core.webui.keyword.internal.WebUIKeywordMain.runKeyword(WebUIKeywordMain.groovy:27)
	at com.kms.katalon.core.webui.keyword.builtin.ClickKeyword.click(ClickKeyword.groovy:86)
	at com.kms.katalon.core.webui.keyword.builtin.ClickKeyword.execute(ClickKeyword.groovy:67)
	at com.kms.katalon.core.keyword.internal.KeywordExecutor.executeKeywordForPlatform(KeywordExecutor.groovy:53)
	at com.kms.katalon.core.webui.keyword.WebUiBuiltInKeywords.click(WebUiBuiltInKeywords.groovy:616)
	at com.kms.katalon.core.webui.keyword.WebUiBuiltInKeywords$click$0.call(Unknown Source)
	at edit_existing_gist.run(edit_existing_gist:22)
	at com.kms.katalon.core.main.ScriptEngine.run(ScriptEngine.java:194)
	at com.kms.katalon.core.main.ScriptEngine.runScriptAsRawText(ScriptEngine.java:119)
	at com.kms.katalon.core.main.TestCaseExecutor.runScript(TestCaseExecutor.java:328)
	at com.kms.katalon.core.main.TestCaseExecutor.doExecute(TestCaseExecutor.java:319)
	at com.kms.katalon.core.main.TestCaseExecutor.processExecutionPhase(TestCaseExecutor.java:298)
	at com.kms.katalon.core.main.TestCaseExecutor.accessMainPhase(TestCaseExecutor.java:290)
	at com.kms.katalon.core.main.TestCaseExecutor.execute(TestCaseExecutor.java:224)
	at com.kms.katalon.core.main.TestSuiteExecutor.accessTestCaseMainPhase(TestSuiteExecutor.java:129)
	at com.kms.katalon.core.main.TestSuiteExecutor.accessTestSuiteMainPhase(TestSuiteExecutor.java:112)
	at com.kms.katalon.core.main.TestSuiteExecutor.execute(TestSuiteExecutor.java:81)
	at com.kms.katalon.core.main.TestCaseMain.startTestSuite(TestCaseMain.java:149)
	at com.kms.katalon.core.main.TestCaseMain$startTestSuite$0.call(Unknown Source)
	at TempTestSuite1550155213087.run(TempTestSuite1550155213087.groovy:36)


2019-02-14 21:40:51 - [TEST_STEP][PASSED] - Start listener action : sampleBeforeTestCase: null

2019-02-14 21:40:51 - [TEST_STEP][PASSED] - println(testCaseContext.getTestCaseId()): null

2019-02-14 21:40:51 - [TEST_STEP][PASSED] - println(testCaseContext.getTestCaseVariables()): null

2019-02-14 21:40:51 - [TEST_STEP][PASSED] - click(findTestObject("edit_gist_file/edit_gist_button")): Object: 'Object Repository/edit_gist_file/edit_gist_button' is clicked on

2019-02-14 21:40:52 - [MESSAGE][PASSED] - Object: 'Object Repository/edit_gist_file/edit_gist_button' is clicked on

2019-02-14 21:40:52 - [TEST_STEP][PASSED] - setText(findTestObject("create_gist_file/gist_description_field"), "Buang Sampah Pada tempatnya"): Text 'Buang Sampah Pada tempatnya' is set on object 'Object Repository/create_gist_file/gist_description_field'

2019-02-14 21:40:52 - [MESSAGE][PASSED] - Text 'Buang Sampah Pada tempatnya' is set on object 'Object Repository/create_gist_file/gist_description_field'

2019-02-14 21:40:52 - [TEST_STEP][PASSED] - setText(findTestObject("create_gist_file/create_gist"), "Sayang Mamah Papah"): Text 'Sayang Mamah Papah' is set on object 'Object Repository/create_gist_file/create_gist'

2019-02-14 21:40:52 - [MESSAGE][PASSED] - Text 'Sayang Mamah Papah' is set on object 'Object Repository/create_gist_file/create_gist'

2019-02-14 21:40:52 - [TEST_STEP][FAILED] - click(findTestObject("edit_gist_file/update_button")): click(findTestObject("edit_gist_file/update_button")) FAILED.
Reason:
com.kms.katalon.core.exception.StepFailedException: Unable to click on object 'Object Repository/edit_gist_file/update_button' (Root cause: com.kms.katalon.core.webui.exception.WebElementNotFoundException: Web element with id: 'Object Repository/edit_gist_file/update_button' located by 'By.xpath: //*[@id="edit_gist_94648342"]/div/div[2]/button' not found)
	at com.kms.katalon.core.keyword.internal.KeywordMain.stepFailed(KeywordMain.groovy:36)
	at com.kms.katalon.core.webui.keyword.internal.WebUIKeywordMain.stepFailed(WebUIKeywordMain.groovy:65)
	at com.kms.katalon.core.webui.keyword.internal.WebUIKeywordMain.runKeyword(WebUIKeywordMain.groovy:27)
	at com.kms.katalon.core.webui.keyword.builtin.ClickKeyword.click(ClickKeyword.groovy:86)
	at com.kms.katalon.core.webui.keyword.builtin.ClickKeyword.execute(ClickKeyword.groovy:67)
	at com.kms.katalon.core.keyword.internal.KeywordExecutor.executeKeywordForPlatform(KeywordExecutor.groovy:53)
	at com.kms.katalon.core.webui.keyword.WebUiBuiltInKeywords.click(WebUiBuiltInKeywords.groovy:616)
	at com.kms.katalon.core.webui.keyword.WebUiBuiltInKeywords$click$0.call(Unknown Source)
	at edit_existing_gist.run(edit_existing_gist:22)
	at com.kms.katalon.core.main.ScriptEngine.run(ScriptEngine.java:194)
	at com.kms.katalon.core.main.ScriptEngine.runScriptAsRawText(ScriptEngine.java:119)
	at com.kms.katalon.core.main.TestCaseExecutor.runScript(TestCaseExecutor.java:328)
	at com.kms.katalon.core.main.TestCaseExecutor.doExecute(TestCaseExecutor.java:319)
	at com.kms.katalon.core.main.TestCaseExecutor.processExecutionPhase(TestCaseExecutor.java:298)
	at com.kms.katalon.core.main.TestCaseExecutor.accessMainPhase(TestCaseExecutor.java:290)
	at com.kms.katalon.core.main.TestCaseExecutor.execute(TestCaseExecutor.java:224)
	at com.kms.katalon.core.main.TestSuiteExecutor.accessTestCaseMainPhase(TestSuiteExecutor.java:129)
	at com.kms.katalon.core.main.TestSuiteExecutor.accessTestSuiteMainPhase(TestSuiteExecutor.java:112)
	at com.kms.katalon.core.main.TestSuiteExecutor.execute(TestSuiteExecutor.java:81)
	at com.kms.katalon.core.main.TestCaseMain.startTestSuite(TestCaseMain.java:149)
	at com.kms.katalon.core.main.TestCaseMain$startTestSuite$0.call(Unknown Source)
	at TempTestSuite1550155213087.run(TempTestSuite1550155213087.groovy:36)


2019-02-14 21:41:23 - [MESSAGE][INFO] - Unable to find the element located by 'By.xpath: //*[@id="edit_gist_94648342"]/div/div[2]/button'. Please recheck the objects properties to make sure the desired element is located. 

2019-02-14 21:41:24 - [MESSAGE][FAILED] - Unable to click on object 'Object Repository/edit_gist_file/update_button' (Root cause: com.kms.katalon.core.webui.exception.WebElementNotFoundException: Web element with id: 'Object Repository/edit_gist_file/update_button' located by 'By.xpath: //*[@id="edit_gist_94648342"]/div/div[2]/button' not found)
[[ATTACHMENT|/Users/MACG37WHF1QSDB/Documents/shoppe_test/gist_test_shopee/Reports/Test_All_Run/20190214_214013/1550155283789.png]]

2019-02-14 21:41:24 - [MESSAGE][FAILED] - click(findTestObject("edit_gist_file/update_button")) FAILED.
Reason:
com.kms.katalon.core.exception.StepFailedException: Unable to click on object 'Object Repository/edit_gist_file/update_button' (Root cause: com.kms.katalon.core.webui.exception.WebElementNotFoundException: Web element with id: 'Object Repository/edit_gist_file/update_button' located by 'By.xpath: //*[@id="edit_gist_94648342"]/div/div[2]/button' not found)
	at com.kms.katalon.core.keyword.internal.KeywordMain.stepFailed(KeywordMain.groovy:36)
	at com.kms.katalon.core.webui.keyword.internal.WebUIKeywordMain.stepFailed(WebUIKeywordMain.groovy:65)
	at com.kms.katalon.core.webui.keyword.internal.WebUIKeywordMain.runKeyword(WebUIKeywordMain.groovy:27)
	at com.kms.katalon.core.webui.keyword.builtin.ClickKeyword.click(ClickKeyword.groovy:86)
	at com.kms.katalon.core.webui.keyword.builtin.ClickKeyword.execute(ClickKeyword.groovy:67)
	at com.kms.katalon.core.keyword.internal.KeywordExecutor.executeKeywordForPlatform(KeywordExecutor.groovy:53)
	at com.kms.katalon.core.webui.keyword.WebUiBuiltInKeywords.click(WebUiBuiltInKeywords.groovy:616)
	at com.kms.katalon.core.webui.keyword.WebUiBuiltInKeywords$click$0.call(Unknown Source)
	at edit_existing_gist.run(edit_existing_gist:22)
	at com.kms.katalon.core.main.ScriptEngine.run(ScriptEngine.java:194)
	at com.kms.katalon.core.main.ScriptEngine.runScriptAsRawText(ScriptEngine.java:119)
	at com.kms.katalon.core.main.TestCaseExecutor.runScript(TestCaseExecutor.java:328)
	at com.kms.katalon.core.main.TestCaseExecutor.doExecute(TestCaseExecutor.java:319)
	at com.kms.katalon.core.main.TestCaseExecutor.processExecutionPhase(TestCaseExecutor.java:298)
	at com.kms.katalon.core.main.TestCaseExecutor.accessMainPhase(TestCaseExecutor.java:290)
	at com.kms.katalon.core.main.TestCaseExecutor.execute(TestCaseExecutor.java:224)
	at com.kms.katalon.core.main.TestSuiteExecutor.accessTestCaseMainPhase(TestSuiteExecutor.java:129)
	at com.kms.katalon.core.main.TestSuiteExecutor.accessTestSuiteMainPhase(TestSuiteExecutor.java:112)
	at com.kms.katalon.core.main.TestSuiteExecutor.execute(TestSuiteExecutor.java:81)
	at com.kms.katalon.core.main.TestCaseMain.startTestSuite(TestCaseMain.java:149)
	at com.kms.katalon.core.main.TestCaseMain$startTestSuite$0.call(Unknown Source)
	at TempTestSuite1550155213087.run(TempTestSuite1550155213087.groovy:36)


2019-02-14 21:41:24 - [TEST_STEP][PASSED] - Start listener action : sampleAfterTestCase: null

2019-02-14 21:41:24 - [TEST_STEP][PASSED] - println(testCaseContext.getTestCaseId()): null

2019-02-14 21:41:24 - [TEST_STEP][PASSED] - println(testCaseContext.getTestCaseStatus()): null]]></system-out>
         <system-err><![CDATA[2019-02-14 21:40:51 - [TEST_CASE][FAILED] - Test Cases/edit_existing_gist: Test Cases/edit_existing_gist FAILED.
Reason:
com.kms.katalon.core.exception.StepFailedException: Unable to click on object 'Object Repository/edit_gist_file/update_button' (Root cause: com.kms.katalon.core.webui.exception.WebElementNotFoundException: Web element with id: 'Object Repository/edit_gist_file/update_button' located by 'By.xpath: //*[@id="edit_gist_94648342"]/div/div[2]/button' not found)
	at com.kms.katalon.core.keyword.internal.KeywordMain.stepFailed(KeywordMain.groovy:36)
	at com.kms.katalon.core.webui.keyword.internal.WebUIKeywordMain.stepFailed(WebUIKeywordMain.groovy:65)
	at com.kms.katalon.core.webui.keyword.internal.WebUIKeywordMain.runKeyword(WebUIKeywordMain.groovy:27)
	at com.kms.katalon.core.webui.keyword.builtin.ClickKeyword.click(ClickKeyword.groovy:86)
	at com.kms.katalon.core.webui.keyword.builtin.ClickKeyword.execute(ClickKeyword.groovy:67)
	at com.kms.katalon.core.keyword.internal.KeywordExecutor.executeKeywordForPlatform(KeywordExecutor.groovy:53)
	at com.kms.katalon.core.webui.keyword.WebUiBuiltInKeywords.click(WebUiBuiltInKeywords.groovy:616)
	at com.kms.katalon.core.webui.keyword.WebUiBuiltInKeywords$click$0.call(Unknown Source)
	at edit_existing_gist.run(edit_existing_gist:22)
	at com.kms.katalon.core.main.ScriptEngine.run(ScriptEngine.java:194)
	at com.kms.katalon.core.main.ScriptEngine.runScriptAsRawText(ScriptEngine.java:119)
	at com.kms.katalon.core.main.TestCaseExecutor.runScript(TestCaseExecutor.java:328)
	at com.kms.katalon.core.main.TestCaseExecutor.doExecute(TestCaseExecutor.java:319)
	at com.kms.katalon.core.main.TestCaseExecutor.processExecutionPhase(TestCaseExecutor.java:298)
	at com.kms.katalon.core.main.TestCaseExecutor.accessMainPhase(TestCaseExecutor.java:290)
	at com.kms.katalon.core.main.TestCaseExecutor.execute(TestCaseExecutor.java:224)
	at com.kms.katalon.core.main.TestSuiteExecutor.accessTestCaseMainPhase(TestSuiteExecutor.java:129)
	at com.kms.katalon.core.main.TestSuiteExecutor.accessTestSuiteMainPhase(TestSuiteExecutor.java:112)
	at com.kms.katalon.core.main.TestSuiteExecutor.execute(TestSuiteExecutor.java:81)
	at com.kms.katalon.core.main.TestCaseMain.startTestSuite(TestCaseMain.java:149)
	at com.kms.katalon.core.main.TestCaseMain$startTestSuite$0.call(Unknown Source)
	at TempTestSuite1550155213087.run(TempTestSuite1550155213087.groovy:36)]]></system-err>
      </testcase>
      <testcase name="Test Cases/delete_an_existing_gist" classname="Test Cases/delete_an_existing_gist" status="FAILED">
         <failure type="FAILED" message="Test Cases/delete_an_existing_gist FAILED.
Reason:
com.kms.katalon.core.exception.StepFailedException: Unable to verify text 'You don’t have any gists yet.' is present  (Root cause: com.kms.katalon.core.exception.StepFailedException: Text 'You don’t have any gists yet.' is not present on page )
	at com.kms.katalon.core.keyword.internal.KeywordMain.stepFailed(KeywordMain.groovy:36)
	at com.kms.katalon.core.webui.keyword.internal.WebUIKeywordMain.stepFailed(WebUIKeywordMain.groovy:65)
	at com.kms.katalon.core.webui.keyword.internal.WebUIKeywordMain.runKeyword(WebUIKeywordMain.groovy:27)
	at com.kms.katalon.core.webui.keyword.builtin.VerifyTextPresentKeyword.verifyTextPresent(VerifyTextPresentKeyword.groovy:83)
	at com.kms.katalon.core.webui.keyword.builtin.VerifyTextPresentKeyword.execute(VerifyTextPresentKeyword.groovy:68)
	at com.kms.katalon.core.keyword.internal.KeywordExecutor.executeKeywordForPlatform(KeywordExecutor.groovy:53)
	at com.kms.katalon.core.webui.keyword.WebUiBuiltInKeywords.verifyTextPresent(WebUiBuiltInKeywords.groovy:1693)
	at com.kms.katalon.core.webui.keyword.WebUiBuiltInKeywords$verifyTextPresent$2.call(Unknown Source)
	at delete_an_existing_gist.run(delete_an_existing_gist:22)
	at com.kms.katalon.core.main.ScriptEngine.run(ScriptEngine.java:194)
	at com.kms.katalon.core.main.ScriptEngine.runScriptAsRawText(ScriptEngine.java:119)
	at com.kms.katalon.core.main.TestCaseExecutor.runScript(TestCaseExecutor.java:328)
	at com.kms.katalon.core.main.TestCaseExecutor.doExecute(TestCaseExecutor.java:319)
	at com.kms.katalon.core.main.TestCaseExecutor.processExecutionPhase(TestCaseExecutor.java:298)
	at com.kms.katalon.core.main.TestCaseExecutor.accessMainPhase(TestCaseExecutor.java:290)
	at com.kms.katalon.core.main.TestCaseExecutor.execute(TestCaseExecutor.java:224)
	at com.kms.katalon.core.main.TestSuiteExecutor.accessTestCaseMainPhase(TestSuiteExecutor.java:129)
	at com.kms.katalon.core.main.TestSuiteExecutor.accessTestSuiteMainPhase(TestSuiteExecutor.java:112)
	at com.kms.katalon.core.main.TestSuiteExecutor.execute(TestSuiteExecutor.java:81)
	at com.kms.katalon.core.main.TestCaseMain.startTestSuite(TestCaseMain.java:149)
	at com.kms.katalon.core.main.TestCaseMain$startTestSuite$0.call(Unknown Source)
	at TempTestSuite1550155213087.run(TempTestSuite1550155213087.groovy:36)
"/>
         <system-out><![CDATA[2019-02-14 21:41:24 - [TEST_CASE][FAILED] - Test Cases/delete_an_existing_gist: Test Cases/delete_an_existing_gist FAILED.
Reason:
com.kms.katalon.core.exception.StepFailedException: Unable to verify text 'You don’t have any gists yet.' is present  (Root cause: com.kms.katalon.core.exception.StepFailedException: Text 'You don’t have any gists yet.' is not present on page )
	at com.kms.katalon.core.keyword.internal.KeywordMain.stepFailed(KeywordMain.groovy:36)
	at com.kms.katalon.core.webui.keyword.internal.WebUIKeywordMain.stepFailed(WebUIKeywordMain.groovy:65)
	at com.kms.katalon.core.webui.keyword.internal.WebUIKeywordMain.runKeyword(WebUIKeywordMain.groovy:27)
	at com.kms.katalon.core.webui.keyword.builtin.VerifyTextPresentKeyword.verifyTextPresent(VerifyTextPresentKeyword.groovy:83)
	at com.kms.katalon.core.webui.keyword.builtin.VerifyTextPresentKeyword.execute(VerifyTextPresentKeyword.groovy:68)
	at com.kms.katalon.core.keyword.internal.KeywordExecutor.executeKeywordForPlatform(KeywordExecutor.groovy:53)
	at com.kms.katalon.core.webui.keyword.WebUiBuiltInKeywords.verifyTextPresent(WebUiBuiltInKeywords.groovy:1693)
	at com.kms.katalon.core.webui.keyword.WebUiBuiltInKeywords$verifyTextPresent$2.call(Unknown Source)
	at delete_an_existing_gist.run(delete_an_existing_gist:22)
	at com.kms.katalon.core.main.ScriptEngine.run(ScriptEngine.java:194)
	at com.kms.katalon.core.main.ScriptEngine.runScriptAsRawText(ScriptEngine.java:119)
	at com.kms.katalon.core.main.TestCaseExecutor.runScript(TestCaseExecutor.java:328)
	at com.kms.katalon.core.main.TestCaseExecutor.doExecute(TestCaseExecutor.java:319)
	at com.kms.katalon.core.main.TestCaseExecutor.processExecutionPhase(TestCaseExecutor.java:298)
	at com.kms.katalon.core.main.TestCaseExecutor.accessMainPhase(TestCaseExecutor.java:290)
	at com.kms.katalon.core.main.TestCaseExecutor.execute(TestCaseExecutor.java:224)
	at com.kms.katalon.core.main.TestSuiteExecutor.accessTestCaseMainPhase(TestSuiteExecutor.java:129)
	at com.kms.katalon.core.main.TestSuiteExecutor.accessTestSuiteMainPhase(TestSuiteExecutor.java:112)
	at com.kms.katalon.core.main.TestSuiteExecutor.execute(TestSuiteExecutor.java:81)
	at com.kms.katalon.core.main.TestCaseMain.startTestSuite(TestCaseMain.java:149)
	at com.kms.katalon.core.main.TestCaseMain$startTestSuite$0.call(Unknown Source)
	at TempTestSuite1550155213087.run(TempTestSuite1550155213087.groovy:36)


2019-02-14 21:41:24 - [TEST_STEP][PASSED] - Start listener action : sampleBeforeTestCase: null

2019-02-14 21:41:24 - [TEST_STEP][PASSED] - println(testCaseContext.getTestCaseId()): null

2019-02-14 21:41:24 - [TEST_STEP][PASSED] - println(testCaseContext.getTestCaseVariables()): null

2019-02-14 21:41:24 - [TEST_STEP][PASSED] - click(findTestObject("delete_gist_file/delete_button")): Object: 'Object Repository/delete_gist_file/delete_button' is clicked on

2019-02-14 21:41:24 - [MESSAGE][PASSED] - Object: 'Object Repository/delete_gist_file/delete_button' is clicked on

2019-02-14 21:41:24 - [TEST_STEP][PASSED] - acceptAlert(): Alert accepted

2019-02-14 21:41:24 - [MESSAGE][PASSED] - Alert accepted

2019-02-14 21:41:24 - [TEST_STEP][PASSED] - delay(5): Delayed 5 second(s)

2019-02-14 21:41:29 - [MESSAGE][PASSED] - Delayed 5 second(s)

2019-02-14 21:41:29 - [TEST_STEP][FAILED] - verifyTextPresent("You don’t have any gists yet.", false): verifyTextPresent("You don’t have any gists yet.", false) FAILED.
Reason:
com.kms.katalon.core.exception.StepFailedException: Unable to verify text 'You don’t have any gists yet.' is present  (Root cause: com.kms.katalon.core.exception.StepFailedException: Text 'You don’t have any gists yet.' is not present on page )
	at com.kms.katalon.core.keyword.internal.KeywordMain.stepFailed(KeywordMain.groovy:36)
	at com.kms.katalon.core.webui.keyword.internal.WebUIKeywordMain.stepFailed(WebUIKeywordMain.groovy:65)
	at com.kms.katalon.core.webui.keyword.internal.WebUIKeywordMain.runKeyword(WebUIKeywordMain.groovy:27)
	at com.kms.katalon.core.webui.keyword.builtin.VerifyTextPresentKeyword.verifyTextPresent(VerifyTextPresentKeyword.groovy:83)
	at com.kms.katalon.core.webui.keyword.builtin.VerifyTextPresentKeyword.execute(VerifyTextPresentKeyword.groovy:68)
	at com.kms.katalon.core.keyword.internal.KeywordExecutor.executeKeywordForPlatform(KeywordExecutor.groovy:53)
	at com.kms.katalon.core.webui.keyword.WebUiBuiltInKeywords.verifyTextPresent(WebUiBuiltInKeywords.groovy:1693)
	at com.kms.katalon.core.webui.keyword.WebUiBuiltInKeywords$verifyTextPresent$2.call(Unknown Source)
	at delete_an_existing_gist.run(delete_an_existing_gist:22)
	at com.kms.katalon.core.main.ScriptEngine.run(ScriptEngine.java:194)
	at com.kms.katalon.core.main.ScriptEngine.runScriptAsRawText(ScriptEngine.java:119)
	at com.kms.katalon.core.main.TestCaseExecutor.runScript(TestCaseExecutor.java:328)
	at com.kms.katalon.core.main.TestCaseExecutor.doExecute(TestCaseExecutor.java:319)
	at com.kms.katalon.core.main.TestCaseExecutor.processExecutionPhase(TestCaseExecutor.java:298)
	at com.kms.katalon.core.main.TestCaseExecutor.accessMainPhase(TestCaseExecutor.java:290)
	at com.kms.katalon.core.main.TestCaseExecutor.execute(TestCaseExecutor.java:224)
	at com.kms.katalon.core.main.TestSuiteExecutor.accessTestCaseMainPhase(TestSuiteExecutor.java:129)
	at com.kms.katalon.core.main.TestSuiteExecutor.accessTestSuiteMainPhase(TestSuiteExecutor.java:112)
	at com.kms.katalon.core.main.TestSuiteExecutor.execute(TestSuiteExecutor.java:81)
	at com.kms.katalon.core.main.TestCaseMain.startTestSuite(TestCaseMain.java:149)
	at com.kms.katalon.core.main.TestCaseMain$startTestSuite$0.call(Unknown Source)
	at TempTestSuite1550155213087.run(TempTestSuite1550155213087.groovy:36)


2019-02-14 21:41:30 - [MESSAGE][FAILED] - Text 'You don’t have any gists yet.' is not present on page 

2019-02-14 21:41:30 - [MESSAGE][FAILED] - Unable to verify text 'You don’t have any gists yet.' is present  (Root cause: com.kms.katalon.core.exception.StepFailedException: Text 'You don’t have any gists yet.' is not present on page )
[[ATTACHMENT|/Users/MACG37WHF1QSDB/Documents/shoppe_test/gist_test_shopee/Reports/Test_All_Run/20190214_214013/1550155290054.png]]

2019-02-14 21:41:30 - [MESSAGE][FAILED] - verifyTextPresent("You don’t have any gists yet.", false) FAILED.
Reason:
com.kms.katalon.core.exception.StepFailedException: Unable to verify text 'You don’t have any gists yet.' is present  (Root cause: com.kms.katalon.core.exception.StepFailedException: Text 'You don’t have any gists yet.' is not present on page )
	at com.kms.katalon.core.keyword.internal.KeywordMain.stepFailed(KeywordMain.groovy:36)
	at com.kms.katalon.core.webui.keyword.internal.WebUIKeywordMain.stepFailed(WebUIKeywordMain.groovy:65)
	at com.kms.katalon.core.webui.keyword.internal.WebUIKeywordMain.runKeyword(WebUIKeywordMain.groovy:27)
	at com.kms.katalon.core.webui.keyword.builtin.VerifyTextPresentKeyword.verifyTextPresent(VerifyTextPresentKeyword.groovy:83)
	at com.kms.katalon.core.webui.keyword.builtin.VerifyTextPresentKeyword.execute(VerifyTextPresentKeyword.groovy:68)
	at com.kms.katalon.core.keyword.internal.KeywordExecutor.executeKeywordForPlatform(KeywordExecutor.groovy:53)
	at com.kms.katalon.core.webui.keyword.WebUiBuiltInKeywords.verifyTextPresent(WebUiBuiltInKeywords.groovy:1693)
	at com.kms.katalon.core.webui.keyword.WebUiBuiltInKeywords$verifyTextPresent$2.call(Unknown Source)
	at delete_an_existing_gist.run(delete_an_existing_gist:22)
	at com.kms.katalon.core.main.ScriptEngine.run(ScriptEngine.java:194)
	at com.kms.katalon.core.main.ScriptEngine.runScriptAsRawText(ScriptEngine.java:119)
	at com.kms.katalon.core.main.TestCaseExecutor.runScript(TestCaseExecutor.java:328)
	at com.kms.katalon.core.main.TestCaseExecutor.doExecute(TestCaseExecutor.java:319)
	at com.kms.katalon.core.main.TestCaseExecutor.processExecutionPhase(TestCaseExecutor.java:298)
	at com.kms.katalon.core.main.TestCaseExecutor.accessMainPhase(TestCaseExecutor.java:290)
	at com.kms.katalon.core.main.TestCaseExecutor.execute(TestCaseExecutor.java:224)
	at com.kms.katalon.core.main.TestSuiteExecutor.accessTestCaseMainPhase(TestSuiteExecutor.java:129)
	at com.kms.katalon.core.main.TestSuiteExecutor.accessTestSuiteMainPhase(TestSuiteExecutor.java:112)
	at com.kms.katalon.core.main.TestSuiteExecutor.execute(TestSuiteExecutor.java:81)
	at com.kms.katalon.core.main.TestCaseMain.startTestSuite(TestCaseMain.java:149)
	at com.kms.katalon.core.main.TestCaseMain$startTestSuite$0.call(Unknown Source)
	at TempTestSuite1550155213087.run(TempTestSuite1550155213087.groovy:36)


2019-02-14 21:41:30 - [TEST_STEP][PASSED] - Start listener action : sampleAfterTestCase: null

2019-02-14 21:41:30 - [TEST_STEP][PASSED] - println(testCaseContext.getTestCaseId()): null

2019-02-14 21:41:30 - [TEST_STEP][PASSED] - println(testCaseContext.getTestCaseStatus()): null]]></system-out>
         <system-err><![CDATA[2019-02-14 21:41:24 - [TEST_CASE][FAILED] - Test Cases/delete_an_existing_gist: Test Cases/delete_an_existing_gist FAILED.
Reason:
com.kms.katalon.core.exception.StepFailedException: Unable to verify text 'You don’t have any gists yet.' is present  (Root cause: com.kms.katalon.core.exception.StepFailedException: Text 'You don’t have any gists yet.' is not present on page )
	at com.kms.katalon.core.keyword.internal.KeywordMain.stepFailed(KeywordMain.groovy:36)
	at com.kms.katalon.core.webui.keyword.internal.WebUIKeywordMain.stepFailed(WebUIKeywordMain.groovy:65)
	at com.kms.katalon.core.webui.keyword.internal.WebUIKeywordMain.runKeyword(WebUIKeywordMain.groovy:27)
	at com.kms.katalon.core.webui.keyword.builtin.VerifyTextPresentKeyword.verifyTextPresent(VerifyTextPresentKeyword.groovy:83)
	at com.kms.katalon.core.webui.keyword.builtin.VerifyTextPresentKeyword.execute(VerifyTextPresentKeyword.groovy:68)
	at com.kms.katalon.core.keyword.internal.KeywordExecutor.executeKeywordForPlatform(KeywordExecutor.groovy:53)
	at com.kms.katalon.core.webui.keyword.WebUiBuiltInKeywords.verifyTextPresent(WebUiBuiltInKeywords.groovy:1693)
	at com.kms.katalon.core.webui.keyword.WebUiBuiltInKeywords$verifyTextPresent$2.call(Unknown Source)
	at delete_an_existing_gist.run(delete_an_existing_gist:22)
	at com.kms.katalon.core.main.ScriptEngine.run(ScriptEngine.java:194)
	at com.kms.katalon.core.main.ScriptEngine.runScriptAsRawText(ScriptEngine.java:119)
	at com.kms.katalon.core.main.TestCaseExecutor.runScript(TestCaseExecutor.java:328)
	at com.kms.katalon.core.main.TestCaseExecutor.doExecute(TestCaseExecutor.java:319)
	at com.kms.katalon.core.main.TestCaseExecutor.processExecutionPhase(TestCaseExecutor.java:298)
	at com.kms.katalon.core.main.TestCaseExecutor.accessMainPhase(TestCaseExecutor.java:290)
	at com.kms.katalon.core.main.TestCaseExecutor.execute(TestCaseExecutor.java:224)
	at com.kms.katalon.core.main.TestSuiteExecutor.accessTestCaseMainPhase(TestSuiteExecutor.java:129)
	at com.kms.katalon.core.main.TestSuiteExecutor.accessTestSuiteMainPhase(TestSuiteExecutor.java:112)
	at com.kms.katalon.core.main.TestSuiteExecutor.execute(TestSuiteExecutor.java:81)
	at com.kms.katalon.core.main.TestCaseMain.startTestSuite(TestCaseMain.java:149)
	at com.kms.katalon.core.main.TestCaseMain$startTestSuite$0.call(Unknown Source)
	at TempTestSuite1550155213087.run(TempTestSuite1550155213087.groovy:36)]]></system-err>
      </testcase>
      <testcase name="Test Cases/see_my_list_of_gists" classname="Test Cases/see_my_list_of_gists" status="PASSED">
         <system-out><![CDATA[2019-02-14 21:41:30 - [TEST_CASE][PASSED] - Test Cases/see_my_list_of_gists: Test Cases/see_my_list_of_gists

2019-02-14 21:41:30 - [TEST_STEP][PASSED] - Start listener action : sampleBeforeTestCase: null

2019-02-14 21:41:30 - [TEST_STEP][PASSED] - println(testCaseContext.getTestCaseId()): null

2019-02-14 21:41:30 - [TEST_STEP][PASSED] - println(testCaseContext.getTestCaseVariables()): null

2019-02-14 21:41:30 - [TEST_STEP][PASSED] - click(findTestObject("list_my_gist_file/avatar_button")): Object: 'Object Repository/list_my_gist_file/avatar_button' is clicked on

2019-02-14 21:41:30 - [MESSAGE][PASSED] - Object: 'Object Repository/list_my_gist_file/avatar_button' is clicked on

2019-02-14 21:41:30 - [TEST_STEP][PASSED] - click(findTestObject("list_my_gist_file/your_gist_text")): Object: 'Object Repository/list_my_gist_file/your_gist_text' is clicked on

2019-02-14 21:41:32 - [MESSAGE][PASSED] - Object: 'Object Repository/list_my_gist_file/your_gist_text' is clicked on

2019-02-14 21:41:32 - [TEST_STEP][PASSED] - verifyElementPresent(findTestObject("list_my_gist_file/your_gist_text"), 0): Object 'Object Repository/list_my_gist_file/your_gist_text' is present

2019-02-14 21:41:32 - [MESSAGE][WARNING] - Timeout '0' is invalid. Using default page load timeout: '30'

2019-02-14 21:41:32 - [MESSAGE][PASSED] - Object 'Object Repository/list_my_gist_file/your_gist_text' is present

2019-02-14 21:41:32 - [TEST_STEP][PASSED] - Start listener action : sampleAfterTestCase: null

2019-02-14 21:41:32 - [TEST_STEP][PASSED] - println(testCaseContext.getTestCaseId()): null

2019-02-14 21:41:32 - [TEST_STEP][PASSED] - println(testCaseContext.getTestCaseStatus()): null]]></system-out>
         <system-err><![CDATA[]]></system-err>
      </testcase>
      <system-out><![CDATA[2019-02-14 21:40:16 - [TEST_SUITE][FAILED] - Test_All_Run: Test Cases/edit_existing_gist FAILED.
Reason:
com.kms.katalon.core.exception.StepFailedException: Unable to click on object 'Object Repository/edit_gist_file/update_button' (Root cause: com.kms.katalon.core.webui.exception.WebElementNotFoundException: Web element with id: 'Object Repository/edit_gist_file/update_button' located by 'By.xpath: //*[@id="edit_gist_94648342"]/div/div[2]/button' not found)
	at com.kms.katalon.core.keyword.internal.KeywordMain.stepFailed(KeywordMain.groovy:36)
	at com.kms.katalon.core.webui.keyword.internal.WebUIKeywordMain.stepFailed(WebUIKeywordMain.groovy:65)
	at com.kms.katalon.core.webui.keyword.internal.WebUIKeywordMain.runKeyword(WebUIKeywordMain.groovy:27)
	at com.kms.katalon.core.webui.keyword.builtin.ClickKeyword.click(ClickKeyword.groovy:86)
	at com.kms.katalon.core.webui.keyword.builtin.ClickKeyword.execute(ClickKeyword.groovy:67)
	at com.kms.katalon.core.keyword.internal.KeywordExecutor.executeKeywordForPlatform(KeywordExecutor.groovy:53)
	at com.kms.katalon.core.webui.keyword.WebUiBuiltInKeywords.click(WebUiBuiltInKeywords.groovy:616)
	at com.kms.katalon.core.webui.keyword.WebUiBuiltInKeywords$click$0.call(Unknown Source)
	at edit_existing_gist.run(edit_existing_gist:22)
	at com.kms.katalon.core.main.ScriptEngine.run(ScriptEngine.java:194)
	at com.kms.katalon.core.main.ScriptEngine.runScriptAsRawText(ScriptEngine.java:119)
	at com.kms.katalon.core.main.TestCaseExecutor.runScript(TestCaseExecutor.java:328)
	at com.kms.katalon.core.main.TestCaseExecutor.doExecute(TestCaseExecutor.java:319)
	at com.kms.katalon.core.main.TestCaseExecutor.processExecutionPhase(TestCaseExecutor.java:298)
	at com.kms.katalon.core.main.TestCaseExecutor.accessMainPhase(TestCaseExecutor.java:290)
	at com.kms.katalon.core.main.TestCaseExecutor.execute(TestCaseExecutor.java:224)
	at com.kms.katalon.core.main.TestSuiteExecutor.accessTestCaseMainPhase(TestSuiteExecutor.java:129)
	at com.kms.katalon.core.main.TestSuiteExecutor.accessTestSuiteMainPhase(TestSuiteExecutor.java:112)
	at com.kms.katalon.core.main.TestSuiteExecutor.execute(TestSuiteExecutor.java:81)
	at com.kms.katalon.core.main.TestCaseMain.startTestSuite(TestCaseMain.java:149)
	at com.kms.katalon.core.main.TestCaseMain$startTestSuite$0.call(Unknown Source)
	at TempTestSuite1550155213087.run(TempTestSuite1550155213087.groovy:36)]]></system-out>
      <system-err><![CDATA[2019-02-14 21:40:16 - [TEST_SUITE][FAILED] - Test_All_Run: Test Cases/edit_existing_gist FAILED.
Reason:
com.kms.katalon.core.exception.StepFailedException: Unable to click on object 'Object Repository/edit_gist_file/update_button' (Root cause: com.kms.katalon.core.webui.exception.WebElementNotFoundException: Web element with id: 'Object Repository/edit_gist_file/update_button' located by 'By.xpath: //*[@id="edit_gist_94648342"]/div/div[2]/button' not found)
	at com.kms.katalon.core.keyword.internal.KeywordMain.stepFailed(KeywordMain.groovy:36)
	at com.kms.katalon.core.webui.keyword.internal.WebUIKeywordMain.stepFailed(WebUIKeywordMain.groovy:65)
	at com.kms.katalon.core.webui.keyword.internal.WebUIKeywordMain.runKeyword(WebUIKeywordMain.groovy:27)
	at com.kms.katalon.core.webui.keyword.builtin.ClickKeyword.click(ClickKeyword.groovy:86)
	at com.kms.katalon.core.webui.keyword.builtin.ClickKeyword.execute(ClickKeyword.groovy:67)
	at com.kms.katalon.core.keyword.internal.KeywordExecutor.executeKeywordForPlatform(KeywordExecutor.groovy:53)
	at com.kms.katalon.core.webui.keyword.WebUiBuiltInKeywords.click(WebUiBuiltInKeywords.groovy:616)
	at com.kms.katalon.core.webui.keyword.WebUiBuiltInKeywords$click$0.call(Unknown Source)
	at edit_existing_gist.run(edit_existing_gist:22)
	at com.kms.katalon.core.main.ScriptEngine.run(ScriptEngine.java:194)
	at com.kms.katalon.core.main.ScriptEngine.runScriptAsRawText(ScriptEngine.java:119)
	at com.kms.katalon.core.main.TestCaseExecutor.runScript(TestCaseExecutor.java:328)
	at com.kms.katalon.core.main.TestCaseExecutor.doExecute(TestCaseExecutor.java:319)
	at com.kms.katalon.core.main.TestCaseExecutor.processExecutionPhase(TestCaseExecutor.java:298)
	at com.kms.katalon.core.main.TestCaseExecutor.accessMainPhase(TestCaseExecutor.java:290)
	at com.kms.katalon.core.main.TestCaseExecutor.execute(TestCaseExecutor.java:224)
	at com.kms.katalon.core.main.TestSuiteExecutor.accessTestCaseMainPhase(TestSuiteExecutor.java:129)
	at com.kms.katalon.core.main.TestSuiteExecutor.accessTestSuiteMainPhase(TestSuiteExecutor.java:112)
	at com.kms.katalon.core.main.TestSuiteExecutor.execute(TestSuiteExecutor.java:81)
	at com.kms.katalon.core.main.TestCaseMain.startTestSuite(TestCaseMain.java:149)
	at com.kms.katalon.core.main.TestCaseMain$startTestSuite$0.call(Unknown Source)
	at TempTestSuite1550155213087.run(TempTestSuite1550155213087.groovy:36)]]></system-err>
   </testsuite>
</testsuites>
